<?xml version="1.0" encoding="UTF-8"?>
<!-- Generated by org.testng.reporters.JUnitXMLReporter -->
<testsuite ignored="0" hostname="WINDOWS-QNEDBQ8" failures="0" tests="9" name="Default test" time="113.369" errors="0" timestamp="2024-06-13T22:33:19 IST">
  <testcase classname="Testpkg.Limetest" name="verifytest" time="49.009"/>
  <testcase classname="Testpkg.Limetest" name="logo" time="0.141"/>
  <testcase classname="Testpkg.Limetest" name="titleverify" time="6.228"/>
  <testcase classname="Testpkg.Limetest" name="menus" time="0.386"/>
  <testcase classname="Testpkg.Limetest" name="bagsearch" time="25.57"/>
  <testcase classname="Testpkg.Limetest" name="kids" time="14.278"/>
  <testcase classname="Testpkg.Limetest" name="women" time="5.772"/>
  <testcase classname="Testpkg.Limetest" name="men" time="4.597"/>
  <testcase classname="Testpkg.Limetest" name="scrnsht" time="1.052"/>
</testsuite> <!-- Default test -->
