<?xml version="1.0" encoding="UTF-8"?>
<!-- Generated by org.testng.reporters.JUnitXMLReporter -->
<testsuite ignored="0" hostname="WINDOWS-QNEDBQ8" failures="0" tests="9" name="Default test" time="71.329" errors="0" timestamp="2024-06-13T01:02:18 IST">
  <testcase classname="Testpkg.Limetest" name="verifytest" time="49.206"/>
  <testcase classname="Testpkg.Limetest" name="logo" time="0.338"/>
  <testcase classname="Testpkg.Limetest" name="menus" time="0.327"/>
  <testcase classname="Testpkg.Limetest" name="bagsearch" time="2.26"/>
  <testcase classname="Testpkg.Limetest" name="titleverify" time="2.2"/>
  <testcase classname="Testpkg.Limetest" name="kids" time="7.716"/>
  <testcase classname="Testpkg.Limetest" name="women" time="2.772"/>
  <testcase classname="Testpkg.Limetest" name="men" time="2.085"/>
  <testcase classname="Testpkg.Limetest" name="scrnsht" time="0.97"/>
</testsuite> <!-- Default test -->
